<?xml version="1.0" encoding="UTF-8"?>
<testsuite name="com.ulrich.dockerjavaspringboot.DockerJavaSpringBootApplicationTests" tests="1" skipped="0" failures="0" errors="0" timestamp="2026-03-06T10:35:41" hostname="HP_OMEN_ULRICH" time="0.379">
  <properties/>
  <testcase name="contextLoads()" classname="com.ulrich.dockerjavaspringboot.DockerJavaSpringBootApplicationTests" time="0.379"/>
  <system-out><![CDATA[11:35:36.492 [Test worker] INFO org.springframework.test.context.support.AnnotationConfigContextLoaderUtils -- Could not detect default configuration classes for test class [com.ulrich.dockerjavaspringboot.DockerJavaSpringBootApplicationTests]: DockerJavaSpringBootApplicationTests does not declare any static, non-private, non-final, nested classes annotated with @Configuration.
11:35:36.611 [Test worker] INFO org.springframework.boot.test.context.SpringBootTestContextBootstrapper -- Found @SpringBootConfiguration com.ulrich.dockerjavaspringboot.DockerJavaSpringBootApplication for test class com.ulrich.dockerjavaspringboot.DockerJavaSpringBootApplicationTests

  .   ____          _            __ _ _
 /\\ / ___'_ __ _ _(_)_ __  __ _ \ \ \ \
( ( )\___ | '_ | '_| | '_ \/ _` | \ \ \ \
 \\/  ___)| |_)| | | | | || (_| |  ) ) ) )
  '  |____| .__|_| |_|_| |_\__, | / / / /
 =========|_|==============|___/=/_/_/_/
 :: Spring Boot ::                (v3.2.3)

2026-03-06T11:35:37.047+01:00  INFO 7236 --- [DockerJavaSpringBoot] [    Test worker] u.d.DockerJavaSpringBootApplicationTests : Starting DockerJavaSpringBootApplicationTests using Java 23 with PID 7236 (started by coudi in C:\Users\coudi\Documents\DockerJavaSpringBoot)
2026-03-06T11:35:37.048+01:00  INFO 7236 --- [DockerJavaSpringBoot] [    Test worker] u.d.DockerJavaSpringBootApplicationTests : No active profile set, falling back to 1 default profile: "default"
2026-03-06T11:35:37.753+01:00  INFO 7236 --- [DockerJavaSpringBoot] [    Test worker] .s.d.r.c.RepositoryConfigurationDelegate : Bootstrapping Spring Data JPA repositories in DEFAULT mode.
2026-03-06T11:35:37.807+01:00  INFO 7236 --- [DockerJavaSpringBoot] [    Test worker] .s.d.r.c.RepositoryConfigurationDelegate : Finished Spring Data repository scanning in 47 ms. Found 2 JPA repository interfaces.
2026-03-06T11:35:38.372+01:00  INFO 7236 --- [DockerJavaSpringBoot] [    Test worker] o.hibernate.jpa.internal.util.LogHelper  : HHH000204: Processing PersistenceUnitInfo [name: default]
2026-03-06T11:35:38.454+01:00  INFO 7236 --- [DockerJavaSpringBoot] [    Test worker] org.hibernate.Version                    : HHH000412: Hibernate ORM core version 6.4.4.Final
2026-03-06T11:35:38.500+01:00  INFO 7236 --- [DockerJavaSpringBoot] [    Test worker] o.h.c.internal.RegionFactoryInitiator    : HHH000026: Second-level cache disabled
2026-03-06T11:35:38.755+01:00  INFO 7236 --- [DockerJavaSpringBoot] [    Test worker] o.s.o.j.p.SpringPersistenceUnitInfo      : No LoadTimeWeaver setup: ignoring JPA class transformer
2026-03-06T11:35:38.779+01:00  INFO 7236 --- [DockerJavaSpringBoot] [    Test worker] com.zaxxer.hikari.HikariDataSource       : HikariPool-1 - Starting...
2026-03-06T11:35:38.916+01:00  INFO 7236 --- [DockerJavaSpringBoot] [    Test worker] com.zaxxer.hikari.pool.HikariPool        : HikariPool-1 - Added connection conn0: url=jdbc:h2:mem:dockerjavadb user=SA
2026-03-06T11:35:38.917+01:00  INFO 7236 --- [DockerJavaSpringBoot] [    Test worker] com.zaxxer.hikari.HikariDataSource       : HikariPool-1 - Start completed.
2026-03-06T11:35:38.936+01:00  WARN 7236 --- [DockerJavaSpringBoot] [    Test worker] org.hibernate.orm.deprecation            : HHH90000025: H2Dialect does not need to be specified explicitly using 'hibernate.dialect' (remove the property setting and it will be selected by default)
2026-03-06T11:35:39.527+01:00  INFO 7236 --- [DockerJavaSpringBoot] [    Test worker] o.h.e.t.j.p.i.JtaPlatformInitiator       : HHH000489: No JTA platform available (set 'hibernate.transaction.jta.platform' to enable JTA platform integration)
2026-03-06T11:35:39.569+01:00  INFO 7236 --- [DockerJavaSpringBoot] [    Test worker] j.LocalContainerEntityManagerFactoryBean : Initialized JPA EntityManagerFactory for persistence unit 'default'
2026-03-06T11:35:40.250+01:00  WARN 7236 --- [DockerJavaSpringBoot] [    Test worker] JpaBaseConfiguration$JpaWebConfiguration : spring.jpa.open-in-view is enabled by default. Therefore, database queries may be performed during view rendering. Explicitly configure spring.jpa.open-in-view to disable this warning
2026-03-06T11:35:40.772+01:00  INFO 7236 --- [DockerJavaSpringBoot] [    Test worker] o.s.b.a.h2.H2ConsoleAutoConfiguration    : H2 console available at '/h2-console'. Database available at 'jdbc:h2:mem:dockerjavadb'
2026-03-06T11:35:40.850+01:00  INFO 7236 --- [DockerJavaSpringBoot] [    Test worker] u.d.DockerJavaSpringBootApplicationTests : Started DockerJavaSpringBootApplicationTests in 4.032 seconds (process running for 5.256)
]]></system-out>
  <system-err><![CDATA[WARNING: A Java agent has been loaded dynamically (C:\Users\coudi\.gradle\caches\modules-2\files-2.1\net.bytebuddy\byte-buddy-agent\1.14.12\be4984cb6fd1ef1d11f218a648889dfda44b8a15\byte-buddy-agent-1.14.12.jar)
WARNING: If a serviceability tool is in use, please run with -XX:+EnableDynamicAgentLoading to hide this warning
WARNING: If a serviceability tool is not in use, please run with -Djdk.instrument.traceUsage for more information
WARNING: Dynamic loading of agents will be disallowed by default in a future release
]]></system-err>
</testsuite>
